-I: Adding /Users/sergiortizropero/Amber/amber24/dat/leap/prep to search path.
-I: Adding /Users/sergiortizropero/Amber/amber24/dat/leap/lib to search path.
-I: Adding /Users/sergiortizropero/Amber/amber24/dat/leap/parm to search path.
-I: Adding /Users/sergiortizropero/Amber/amber24/dat/leap/cmd to search path.
-f: Source tleap.inp.

Welcome to LEaP!
(no leaprc in search path)
Sourcing: ./tleap.inp
----- Source: /Users/sergiortizropero/Amber/amber24/dat/leap/cmd/leaprc.protein.ff19SB
----- Source of /Users/sergiortizropero/Amber/amber24/dat/leap/cmd/leaprc.protein.ff19SB done
Log file: ./leap.log
Loading parameters: /Users/sergiortizropero/Amber/amber24/dat/leap/parm/parm19.dat
Reading title:
PARM99 + frcmod.ff99SB + frcmod.parmbsc0 + OL3 for RNA + ff19SB
Loading parameters: /Users/sergiortizropero/Amber/amber24/dat/leap/parm/frcmod.ff19SB
Reading force field modification type file (frcmod)
Reading title:
ff19SB AA-specific backbone CMAPs for protein 07/25/2019
Loading library: /Users/sergiortizropero/Amber/amber24/dat/leap/lib/amino19.lib
Loading library: /Users/sergiortizropero/Amber/amber24/dat/leap/lib/aminoct12.lib
Loading library: /Users/sergiortizropero/Amber/amber24/dat/leap/lib/aminont12.lib
----- Source: /Users/sergiortizropero/Amber/amber24/dat/leap/cmd/leaprc.gaff2
----- Source of /Users/sergiortizropero/Amber/amber24/dat/leap/cmd/leaprc.gaff2 done
Log file: ./leap.log
Loading parameters: /Users/sergiortizropero/Amber/amber24/dat/leap/parm/gaff2.dat
Reading title:
AMBER General Force Field for organic molecules (Version 2.2.20, March 2021)
----- Source: /Users/sergiortizropero/Amber/amber24/dat/leap/cmd/leaprc.water.tip3p
----- Source of /Users/sergiortizropero/Amber/amber24/dat/leap/cmd/leaprc.water.tip3p done
Loading library: /Users/sergiortizropero/Amber/amber24/dat/leap/lib/atomic_ions.lib
Loading library: /Users/sergiortizropero/Amber/amber24/dat/leap/lib/solvents.lib
Loading parameters: /Users/sergiortizropero/Amber/amber24/dat/leap/parm/frcmod.tip3p
Reading force field modification type file (frcmod)
Reading title:
This is the additional/replacement parameter set for TIP3P water
Loading parameters: /Users/sergiortizropero/Amber/amber24/dat/leap/parm/frcmod.ions1lm_126_tip3p
Reading force field modification type file (frcmod)
Reading title:
Li/Merz ion parameters of monovalent ions for TIP3P water model (12-6 normal usage set)
Loading parameters: /Users/sergiortizropero/Amber/amber24/dat/leap/parm/frcmod.ionsjc_tip3p
Reading force field modification type file (frcmod)
Reading title:
Monovalent ion parameters for Ewald and TIP3P water from Joung & Cheatham JPCB (2008)
Loading parameters: /Users/sergiortizropero/Amber/amber24/dat/leap/parm/frcmod.ions234lm_126_tip3p
Reading force field modification type file (frcmod)
Reading title:
Li/Merz ion parameters of divalent to tetravalent ions for TIP3P water model (12-6 normal usage set)
Loading Mol2 file: ./HD1.mol2
Reading MOLECULE named enzim_modificat.pdb
Loading Mol2 file: ./HD2.mol2
Reading MOLECULE named enzim_modificat.pdb
Loading Mol2 file: ./HD3.mol2
Reading MOLECULE named enzim_modificat.pdb
Loading Mol2 file: ./HE1.mol2
Reading MOLECULE named enzim_modificat.pdb
Loading Mol2 file: ./IE1.mol2
Reading MOLECULE named enzim_modificat.pdb
Loading Mol2 file: ./FE1.mol2
Reading MOLECULE named FE1
Loading Mol2 file: ./OH1.mol2
Reading MOLECULE named OH1
Loading parameters: ./h15LOX_mcpbpy.frcmod
Reading force field modification type file (frcmod)
Reading title:
REMARK GOES HERE, THIS FILE IS GENERATED BY MCPB.PY

/Users/sergiortizropero/Amber/amber24/bin/teLeap: Warning!
Incomplete Improper Torsion line:
CT CW CC Y4 1.1 180. 2.
Loading parameters: ./OH1.frcmod
Reading force field modification type file (frcmod)
Reading title:
Remark line goes here
Loading Mol2 file: ./5-HETE.mol2
Reading MOLECULE named LIG
Loading parameters: ./5-HETE.frcmod
Reading force field modification type file (frcmod)
Reading title:
Remark line goes here
Loading PDB file: ./12_TIP3P.pdb

/Users/sergiortizropero/Amber/amber24/bin/teLeap: Warning!
One sided connection. Residue (enzim_modificat.pdb) missing connect0 atom.

/Users/sergiortizropero/Amber/amber24/bin/teLeap: Warning!
One sided connection. Residue (default_name) missing connect1 atom.

/Users/sergiortizropero/Amber/amber24/bin/teLeap: Warning!
One sided connection. Residue (enzim_modificat.pdb) missing connect0 atom.

/Users/sergiortizropero/Amber/amber24/bin/teLeap: Warning!
One sided connection. Residue (default_name) missing connect1 atom.

/Users/sergiortizropero/Amber/amber24/bin/teLeap: Warning!
One sided connection. Residue (enzim_modificat.pdb) missing connect0 atom.

/Users/sergiortizropero/Amber/amber24/bin/teLeap: Warning!
One sided connection. Residue (default_name) missing connect1 atom.

/Users/sergiortizropero/Amber/amber24/bin/teLeap: Warning!
One sided connection. Residue (enzim_modificat.pdb) missing connect0 atom.

/Users/sergiortizropero/Amber/amber24/bin/teLeap: Warning!
One sided connection. Residue (default_name) missing connect1 atom.

/Users/sergiortizropero/Amber/amber24/bin/teLeap: Warning!
One sided connection. Residue (enzim_modificat.pdb) missing connect0 atom.
  total atoms in file: 81063
Writing pdb file: 12_solv.pdb

/Users/sergiortizropero/Amber/amber24/bin/teLeap: Warning!
 Converting N-terminal residue name to PDB format: NMET -> MET
Checking Unit.

/Users/sergiortizropero/Amber/amber24/bin/teLeap: Warning!
There is a bond of 3.218 angstroms between O and FE atoms:
-------  .R<IE1 662>.A<O 19> and .R<FE1 663>.A<FE 1>

/Users/sergiortizropero/Amber/amber24/bin/teLeap: Note.
Ignoring the warning from Unit Checking.

Building topology.
Building atom parameters.
Building bond parameters.
Building angle parameters.
Building proper torsion parameters.
Building improper torsion parameters.
 total 2150 improper torsions applied
Building H-Bond parameters.
Incorporating Non-Bonded adjustments.
Not Marking per-residue atom chain types.
Marking per-residue atom chain types.
  (Residues lacking connect0/connect1 - 
   these don't have chain types marked:

	res	total affected

	HD1	1
	HD2	1
	HD3	1
	HE1	1
	IE1	1
	LIG	1
	NMET	1
	OH1	1
	WAT	23485
  )
 (no restraints)
	Quit

Exiting LEaP: Errors = 0; Warnings = 12; Notes = 1.
